빌드 시작: 2018-05-27 오후 10:27:45
     1>2 노드의 "C:\Users\JH\Desktop\asdf\12141680\12141680\12141680.vcxproj" 프로젝트(build 대상)입니다.
     1>InitializeBuildStatus:
         "AlwaysCreate"이(가) 지정되었기 때문에 "Debug\12141680.unsuccessfulbuild"을(를) 만들고 있습니다.
       ClCompile:
         c:\Program Files (x86)\Microsoft Visual Studio 10.0\VC\bin\CL.exe /c /ZI /nologo /W3 /WX- /Od /Oy- /D WIN32 /D _DEBUG /D _CONSOLE /D _UNICODE /D UNICODE /Gm /EHsc /RTC1 /MDd /GS /fp:precise /Zc:wchar_t /Zc:forScope /Fo"Debug\\" /Fd"Debug\vc100.pdb" /Gd /TP /analyze- /errorReport:prompt BFSDFS.cpp
         BFSDFS.cpp
     1>c:\users\jh\desktop\asdf\12141680\12141680\bfsdfs.cpp(10): warning C4018: '<' : signed 또는 unsigned가 일치하지 않습니다.
     1>c:\users\jh\desktop\asdf\12141680\12141680\bfsdfs.cpp(35): warning C4018: '<' : signed 또는 unsigned가 일치하지 않습니다.
     1>c:\users\jh\desktop\asdf\12141680\12141680\bfsdfs.cpp(49): warning C4018: '<' : signed 또는 unsigned가 일치하지 않습니다.
     1>c:\users\jh\desktop\asdf\12141680\12141680\bfsdfs.cpp(70): warning C4018: '<' : signed 또는 unsigned가 일치하지 않습니다.
     1>c:\users\jh\desktop\asdf\12141680\12141680\bfsdfs.cpp(85): warning C4018: '<' : signed 또는 unsigned가 일치하지 않습니다.
     1>c:\users\jh\desktop\asdf\12141680\12141680\bfsdfs.cpp(110): warning C4018: '<' : signed 또는 unsigned가 일치하지 않습니다.
     1>c:\users\jh\desktop\asdf\12141680\12141680\bfsdfs.cpp(124): warning C4018: '<' : signed 또는 unsigned가 일치하지 않습니다.
     1>c:\users\jh\desktop\asdf\12141680\12141680\bfsdfs.cpp(149): warning C4018: '<' : signed 또는 unsigned가 일치하지 않습니다.
       ManifestResourceCompile:
         모든 출력이 최신 상태입니다.
       Link:
         c:\Program Files (x86)\Microsoft Visual Studio 10.0\VC\bin\link.exe /ERRORREPORT:PROMPT /OUT:"C:\Users\JH\Desktop\asdf\12141680\Debug\12141680.exe" /INCREMENTAL /NOLOGO kernel32.lib user32.lib gdi32.lib winspool.lib comdlg32.lib advapi32.lib shell32.lib ole32.lib oleaut32.lib uuid.lib odbc32.lib odbccp32.lib /MANIFEST /ManifestFile:"Debug\12141680.exe.intermediate.manifest" /MANIFESTUAC:"level='asInvoker' uiAccess='false'" /DEBUG /PDB:"C:\Users\JH\Desktop\asdf\12141680\Debug\12141680.pdb" /SUBSYSTEM:CONSOLE /TLBID:1 /DYNAMICBASE /NXCOMPAT /IMPLIB:"C:\Users\JH\Desktop\asdf\12141680\Debug\12141680.lib" /MACHINE:X86 Debug\12141680.exe.embed.manifest.res
         Debug\BFSDFS.obj
       Manifest:
         c:\Program Files (x86)\Microsoft SDKs\Windows\v7.0A\bin\mt.exe /nologo /verbose /out:"Debug\12141680.exe.embed.manifest" /manifest Debug\12141680.exe.intermediate.manifest
         모든 출력이 최신 상태입니다.
       LinkEmbedManifest:
         모든 출력이 최신 상태입니다.
         12141680.vcxproj -> C:\Users\JH\Desktop\asdf\12141680\Debug\12141680.exe
       FinalizeBuildStatus:
         "Debug\12141680.unsuccessfulbuild" 파일을 삭제하고 있습니다.
         "Debug\12141680.lastbuildstate"에 연결(touching)하고 있습니다.
     1>"C:\Users\JH\Desktop\asdf\12141680\12141680\12141680.vcxproj" 프로젝트를 빌드했습니다(build 대상).

빌드했습니다.

경과 시간: 00:00:02.78
